<?xml version="1.0" encoding="UTF-8"?>
<!-- Generated by org.testng.reporters.JUnitXMLReporter -->
<testsuite hostname="DESKTOP-ID58MLR" name="Test" tests="4" failures="0" timestamp="6 Apr 2019 06:14:27 GMT" time="56.658" errors="0">
  <testcase name="basePageNavigation" time="0.305" classname="Academy.validateTitle"/>
  <testcase name="sample" time="0.057" classname="Academy.validateTitle"/>
  <testcase name="basePageNavigation" time="25.65" classname="Academy.homePage"/>
  <testcase name="basePageNavigation" time="11.138" classname="Academy.homePage"/>
</testsuite> <!-- Test -->
