<?xml version="1.0" encoding="UTF-8"?>
<!-- Generated by org.testng.reporters.JUnitXMLReporter -->
<testsuite hostname="DESKTOP-ID58MLR" name="validating title" tests="2" failures="1" timestamp="6 Apr 2019 07:37:45 GMT" time="15.004" errors="0">
  <testcase name="basePageNavigation" time="0.193" classname="Academy.validateTitle">
    <failure type="java.lang.AssertionError" message="expected [FEATURED COURSES123] but found [FEATURED COURSES]">
      <![CDATA[java.lang.AssertionError: expected [FEATURED COURSES123] but found [FEATURED COURSES]
	at Academy.validateTitle.basePageNavigation(validateTitle.java:30)
... Removed 29 stack frames]]>
    </failure>
  </testcase> <!-- basePageNavigation -->
  <testcase name="sample" time="0.064" classname="Academy.validateTitle"/>
</testsuite> <!-- validating title -->
