<?xml version="1.0" encoding="UTF-8"?>
<!-- Generated by org.testng.reporters.JUnitXMLReporter -->
<testsuite hostname="DESKTOP-ID58MLR" name="Test" tests="4" failures="0" timestamp="6 Apr 2019 06:22:27 GMT" time="113.809" errors="0">
  <testcase name="basePageNavigation" time="0.182" classname="Academy.validateTitle"/>
  <testcase name="sample" time="0.062" classname="Academy.validateTitle"/>
  <testcase name="basePageNavigation" time="69.114" classname="Academy.homePage"/>
  <testcase name="basePageNavigation" time="26.864" classname="Academy.homePage"/>
</testsuite> <!-- Test -->
