<?xml version="1.0" encoding="UTF-8"?>
<testng-results skipped="0" failed="0" total="4" passed="4">
  <reporter-output>
  </reporter-output>
  <suite name="Suite" duration-ms="113809" started-at="2019-04-06T06:20:33Z" finished-at="2019-04-06T06:22:27Z">
    <groups>
    </groups>
    <test name="Test" duration-ms="113809" started-at="2019-04-06T06:20:33Z" finished-at="2019-04-06T06:22:27Z">
      <class name="Academy.validateTitle">
        <test-method status="PASS" signature="basePageNavigation()[pri:0, instance:Academy.validateTitle@70325e14]" name="basePageNavigation" duration-ms="182" started-at="2019-04-06T11:50:49Z" finished-at="2019-04-06T11:50:49Z">
          <reporter-output>
          </reporter-output>
        </test-method> <!-- basePageNavigation -->
        <test-method status="PASS" signature="sample()[pri:0, instance:Academy.validateTitle@70325e14]" name="sample" duration-ms="62" started-at="2019-04-06T11:50:49Z" finished-at="2019-04-06T11:50:49Z">
          <reporter-output>
          </reporter-output>
        </test-method> <!-- sample -->
      </class> <!-- Academy.validateTitle -->
      <class name="Academy.homePage">
        <test-method status="PASS" signature="initialize()[pri:0, instance:Academy.homePage@66d18979]" name="initialize" is-config="true" duration-ms="6397" started-at="2019-04-06T11:50:33Z" finished-at="2019-04-06T11:50:40Z">
          <reporter-output>
          </reporter-output>
        </test-method> <!-- initialize -->
        <test-method status="PASS" signature="initialize()[pri:0, instance:Academy.validateTitle@70325e14]" name="initialize" is-config="true" duration-ms="9114" started-at="2019-04-06T11:50:40Z" finished-at="2019-04-06T11:50:49Z">
          <reporter-output>
          </reporter-output>
        </test-method> <!-- initialize -->
        <test-method status="PASS" signature="basePageNavigation(java.lang.String, java.lang.String, java.lang.String)[pri:0, instance:Academy.homePage@66d18979]" name="basePageNavigation" duration-ms="69114" started-at="2019-04-06T11:50:49Z" data-provider="getData" finished-at="2019-04-06T11:51:58Z">
          <params>
            <param index="0">
              <value>
                <![CDATA[NonRestrictedUser@qw.com]]>
              </value>
            </param>
            <param index="1">
              <value>
                <![CDATA[123456]]>
              </value>
            </param>
            <param index="2">
              <value>
                <![CDATA[Restricted User]]>
              </value>
            </param>
          </params>
          <reporter-output>
          </reporter-output>
        </test-method> <!-- basePageNavigation -->
        <test-method status="PASS" signature="basePageNavigation(java.lang.String, java.lang.String, java.lang.String)[pri:0, instance:Academy.homePage@66d18979]" name="basePageNavigation" duration-ms="26864" started-at="2019-04-06T11:51:58Z" data-provider="getData" finished-at="2019-04-06T11:52:25Z">
          <params>
            <param index="0">
              <value>
                <![CDATA[RestrictedUser@qw.com]]>
              </value>
            </param>
            <param index="1">
              <value>
                <![CDATA[123456]]>
              </value>
            </param>
            <param index="2">
              <value>
                <![CDATA[Non Restricted User]]>
              </value>
            </param>
          </params>
          <reporter-output>
          </reporter-output>
        </test-method> <!-- basePageNavigation -->
        <test-method status="PASS" signature="tearDown()[pri:0, instance:Academy.homePage@66d18979]" name="tearDown" is-config="true" duration-ms="1826" started-at="2019-04-06T11:52:25Z" finished-at="2019-04-06T11:52:27Z">
          <reporter-output>
          </reporter-output>
        </test-method> <!-- tearDown -->
        <test-method status="PASS" signature="tearDown()[pri:0, instance:Academy.validateTitle@70325e14]" name="tearDown" is-config="true" duration-ms="225" started-at="2019-04-06T11:52:27Z" finished-at="2019-04-06T11:52:27Z">
          <reporter-output>
          </reporter-output>
        </test-method> <!-- tearDown -->
      </class> <!-- Academy.homePage -->
    </test> <!-- Test -->
  </suite> <!-- Suite -->
</testng-results>
